Arguments: 
  /Users/kesto/.nvm/versions/node/v8.12.0/bin/node /usr/local/Cellar/yarn/1.13.0/libexec/bin/yarn.js add babel-present-react@6.24.1 babel-preset-env@1.5.2

PATH: 
  /Users/kesto/.nvm/versions/node/v8.12.0/bin:/usr/local/opt/postgresql@9.6/bin:/Library/Frameworks/Python.framework/Versions/3.6/bin:/usr/local/bin:/usr/bin:/bin:/usr/sbin:/sbin:/Users/kesto/.nvm/versions/node/v8.12.0/bin:/usr/local/opt/postgresql@9.6/bin:/Library/Frameworks/Python.framework/Versions/3.6/bin:/Users/kesto/.npm-global/lib/node_modules/nodemon/bin:/Users/kesto/.npm-global/lib/node_modules/nodemon/bin

Yarn version: 
  1.13.0

Node version: 
  8.12.0

Platform: 
  darwin x64

Trace: 
  Error: https://registry.yarnpkg.com/babel-present-react: Not found
      at Request.params.callback [as _callback] (/usr/local/Cellar/yarn/1.13.0/libexec/lib/cli.js:66255:18)
      at Request.self.callback (/usr/local/Cellar/yarn/1.13.0/libexec/lib/cli.js:129397:22)
      at emitTwo (events.js:126:13)
      at Request.emit (events.js:214:7)
      at Request.<anonymous> (/usr/local/Cellar/yarn/1.13.0/libexec/lib/cli.js:130369:10)
      at emitOne (events.js:116:13)
      at Request.emit (events.js:211:7)
      at IncomingMessage.<anonymous> (/usr/local/Cellar/yarn/1.13.0/libexec/lib/cli.js:130291:12)
      at Object.onceWrapper (events.js:313:30)
      at emitNone (events.js:111:20)

npm manifest: 
  {
    "name": "indecision-app",
    "version": "1.0.0",
    "main": "index.js",
    "repository": "git@github.com:SeanPhilippi/indecision-app.git",
    "author": "Sean Philippi <sean.philippi@gmail.com>",
    "license": "MIT"
  }

yarn manifest: 
  No manifest

Lockfile: 
  # THIS IS AN AUTOGENERATED FILE. DO NOT EDIT THIS FILE DIRECTLY.
  # yarn lockfile v1
